<?xml version="1.0" encoding="UTF-8"?>
<!-- Generated by org.testng.reporters.JUnitReportReporter -->
<testsuite hostname="NaveensHP" failures="0" tests="3" name="EndtoEnd.homePageTest" time="8.073" errors="0" timestamp="2021-01-23T17:12:17 EST" skipped="0">
  <testcase classname="EndtoEnd.homePageTest" name="login1" time="2.521"/>
  <system-out/>
  <testcase classname="EndtoEnd.homePageTest" name="login1" time="2.340"/>
  <system-out/>
  <testcase classname="EndtoEnd.homePageTest" name="login" time="3.212"/>
  <system-out/>
</testsuite> <!-- EndtoEnd.homePageTest -->
