<?xml version="1.0" encoding="UTF-8"?>
<!-- Generated by org.testng.reporters.JUnitReportReporter -->
<testsuite hostname="NaveensHP" failures="0" tests="2" name="EndtoEnd.validateTitleTest" time="0.277" errors="0" timestamp="2021-01-23T17:12:17 EST" skipped="0">
  <testcase classname="EndtoEnd.validateTitleTest" name="land" time="0.176"/>
  <system-out/>
  <testcase classname="EndtoEnd.validateTitleTest" name="navbar" time="0.101"/>
  <system-out/>
</testsuite> <!-- EndtoEnd.validateTitleTest -->
