<?xml version="1.0" encoding="UTF-8"?>
<!-- Generated by org.testng.reporters.JUnitReportReporter -->
<testsuite hostname="NaveensHP" failures="0" tests="1" name="EndtoEnd.AppTest" time="0.004" errors="0" timestamp="2021-01-23T17:12:17 EST" skipped="0">
  <testcase classname="EndtoEnd.AppTest" name="shouldAnswerWithTrue" time="0.004"/>
  <system-out/>
</testsuite> <!-- EndtoEnd.AppTest -->
