<?xml version="1.0" encoding="UTF-8"?>
<!-- Generated by org.testng.reporters.JUnitReportReporter -->
<testsuite hostname="NaveensHP" failures="0" tests="2" name="EndtoEnd.validateTitleTest" time="6.286" errors="0" timestamp="2021-05-04T15:06:16 EDT" skipped="0">
  <testcase classname="EndtoEnd.validateTitleTest" name="land" time="6.123"/>
  <system-out/>
  <testcase classname="EndtoEnd.validateTitleTest" name="navbar" time="0.163"/>
  <system-out/>
</testsuite> <!-- EndtoEnd.validateTitleTest -->
