<?xml version="1.0" encoding="UTF-8"?>
<!-- Generated by org.testng.reporters.JUnitReportReporter -->
<testsuite hostname="NaveensHP" failures="0" tests="3" name="EndtoEnd.homePageTest" time="12.626" errors="0" timestamp="2021-01-24T20:16:26 EST" skipped="0">
  <testcase classname="EndtoEnd.homePageTest" name="login1" time="3.004"/>
  <system-out/>
  <testcase classname="EndtoEnd.homePageTest" name="login1" time="2.283"/>
  <system-out/>
  <testcase classname="EndtoEnd.homePageTest" name="login" time="7.339"/>
  <system-out/>
</testsuite> <!-- EndtoEnd.homePageTest -->
