<?xml version="1.0" encoding="UTF-8"?>
<!-- Generated by org.testng.reporters.JUnitReportReporter -->
<testsuite hostname="NaveensHP" failures="0" tests="3" name="EndtoEnd.homePageTest" time="13.140" errors="0" timestamp="2021-05-04T19:38:12 EDT" skipped="0">
  <testcase classname="EndtoEnd.homePageTest" name="login1" time="2.716"/>
  <system-out/>
  <testcase classname="EndtoEnd.homePageTest" name="login1" time="2.426"/>
  <system-out/>
  <testcase classname="EndtoEnd.homePageTest" name="login" time="7.998"/>
  <system-out/>
</testsuite> <!-- EndtoEnd.homePageTest -->
