<?xml version="1.0" encoding="UTF-8"?>
<!-- Generated by org.testng.reporters.JUnitReportReporter -->
<testsuite hostname="NaveensHP" failures="0" tests="3" name="EndtoEnd.homePageTest" time="13.915" errors="0" timestamp="2021-05-06T18:56:23 EDT" skipped="0">
  <testcase classname="EndtoEnd.homePageTest" name="login1" time="2.904"/>
  <system-out/>
  <testcase classname="EndtoEnd.homePageTest" name="login1" time="2.336"/>
  <system-out/>
  <testcase classname="EndtoEnd.homePageTest" name="login" time="8.675"/>
  <system-out/>
</testsuite> <!-- EndtoEnd.homePageTest -->
